#
# There is insufficient memory for the Java Runtime Environment to continue.
# Native memory allocation (mmap) failed to map 65536 bytes for Failed to commit area from 0x0000021d79a40000 to 0x0000021d79a50000 of length 65536.
# Possible reasons:
#   The system is out of physical RAM or swap space
#   The process is running with CompressedOops enabled, and the Java Heap may be blocking the growth of the native heap
# Possible solutions:
#   Reduce memory load on the system
#   Increase physical memory or swap space
#   Check if swap backing store is full
#   Decrease Java heap size (-Xmx/-Xms)
#   Decrease number of Java threads
#   Decrease Java thread stack sizes (-Xss)
#   Set larger code cache with -XX:ReservedCodeCacheSize=
# This output file may be truncated or incomplete.
#
#  Out of Memory Error (./src/hotspot/os/windows/os_windows.cpp:3301), pid=10568, tid=10112
#
# JRE version:  (11.0.10+8) (build )
# Java VM: OpenJDK 64-Bit Server VM (11.0.10+8-b1145.96, mixed mode, sharing, tiered, compressed oops, g1 gc, windows-amd64)
# No core dump will be written. Minidumps are not enabled by default on client versions of Windows
#

---------------  S U M M A R Y ------------

Command Line: org.jetbrains.git4idea.http.GitAskPassApp Username for 'https://github.com': 

Host: Intel(R) Core(TM) i5-10210U CPU @ 1.60GHz, 8 cores, 15G,  Windows 10 , 64 bit Build 19041 (10.0.19041.928)
Time: Sun Jul  4 19:33:06 2021 RTZ 2 (зима) elapsed time: 0.021143 seconds (0d 0h 0m 0s)

---------------  T H R E A D  ---------------

Current thread (0x0000021d60a8a800):  JavaThread "Unknown thread" [_thread_in_vm, id=10112, stack(0x000000b763300000,0x000000b763400000)]

Stack: [0x000000b763300000,0x000000b763400000]
Native frames: (J=compiled Java code, j=interpreted, Vv=VM code, C=native code)
V  [jvm.dll+0x5ece6a]
V  [jvm.dll+0x722cd5]
V  [jvm.dll+0x72422d]
V  [jvm.dll+0x7248e3]
V  [jvm.dll+0x2428d8]
V  [jvm.dll+0x5ea244]
V  [jvm.dll+0x5df2e5]
V  [jvm.dll+0x2fdddb]
V  [jvm.dll+0x2fdd4a]
V  [jvm.dll+0x2fdc22]
V  [jvm.dll+0x302c15]
V  [jvm.dll+0x34b057]
V  [jvm.dll+0x34b736]
V  [jvm.dll+0x34b133]
V  [jvm.dll+0x2d87d8]
V  [jvm.dll+0x2d9987]
V  [jvm.dll+0x701817]
V  [jvm.dll+0x70300c]
V  [jvm.dll+0x3585a9]
V  [jvm.dll+0x6e516e]
V  [jvm.dll+0x3c09e3]
V  [jvm.dll+0x3c2c71]
C  [jli.dll+0x5373]
C  [ucrtbase.dll+0x21bb2]
C  [KERNEL32.DLL+0x17034]
C  [ntdll.dll+0x52651]


---------------  P R O C E S S  ---------------

Threads class SMR info:
_java_thread_list=0x0000021d5f0cecf0, length=0, elements={
}

Java Threads: ( => current thread )

Other Threads:
  0x0000021d60aa1800 GCTaskThread "GC Thread#0" [stack: 0x000000b763400000,0x000000b763500000] [id=22032]
  0x0000021d60aff000 ConcurrentGCThread "G1 Main Marker" [stack: 0x000000b763500000,0x000000b763600000] [id=20604]
  0x0000021d60b00800 ConcurrentGCThread "G1 Conc#0" [stack: 0x000000b763600000,0x000000b763700000] [id=14472]

[error occurred during error reporting (printing all threads), id 0xc0000005, EXCEPTION_ACCESS_VIOLATION (0xc0000005) at pc=0x00007ff9acad8db7]

VM state:not at safepoint (not fully initialized)

VM Mutex/Monitor currently owned by a thread:  ([mutex/lock_event])
[0x0000021d60a86430] Heap_lock - owner thread: 0x0000021d60a8a800

Heap address: 0x0000000702800000, size: 4056 MB, Compressed Oops mode: Non-zero based: 0x0000000702800000
Narrow klass base: 0x0000000000000000, Narrow klass shift: 0

GC Heap History (0 events):
No events

Deoptimization events (0 events):
No events

Classes redefined (0 events):
No events

Internal exceptions (0 events):
No events

Events (1 events):
Event: 0.011 Loaded shared library C:\Program Files\JetBrains\IntelliJ IDEA Community Edition 2020.3.3\jbr\bin\zip.dll


Dynamic libraries:
0x00007ff7c2570000 - 0x00007ff7c257a000 	C:\Program Files\JetBrains\IntelliJ IDEA Community Edition 2020.3.3\jbr\bin\java.exe
0x00007ff9e4950000 - 0x00007ff9e4b45000 	C:\WINDOWS\SYSTEM32\ntdll.dll
0x00007ff9e38e0000 - 0x00007ff9e399d000 	C:\WINDOWS\System32\KERNEL32.DLL
0x00007ff9e21c0000 - 0x00007ff9e2488000 	C:\WINDOWS\System32\KERNELBASE.dll
0x00007ff9e2090000 - 0x00007ff9e2190000 	C:\WINDOWS\System32\ucrtbase.dll
0x00007ff9cbdb0000 - 0x00007ff9cbdc7000 	C:\Program Files\JetBrains\IntelliJ IDEA Community Edition 2020.3.3\jbr\bin\VCRUNTIME140.dll
0x00007ff9cbd20000 - 0x00007ff9cbd39000 	C:\Program Files\JetBrains\IntelliJ IDEA Community Edition 2020.3.3\jbr\bin\jli.dll
0x00007ff9e3a10000 - 0x00007ff9e3bb0000 	C:\WINDOWS\System32\USER32.dll
0x00007ff9e2760000 - 0x00007ff9e2782000 	C:\WINDOWS\System32\win32u.dll
0x00007ff9ca260000 - 0x00007ff9ca4fa000 	C:\WINDOWS\WinSxS\amd64_microsoft.windows.common-controls_6595b64144ccf1df_6.0.19041.844_none_ca00b6081b84eb1d\COMCTL32.dll
0x00007ff9e2b10000 - 0x00007ff9e2b3a000 	C:\WINDOWS\System32\GDI32.dll
0x00007ff9e45c0000 - 0x00007ff9e465e000 	C:\WINDOWS\System32\msvcrt.dll
0x00007ff9e2650000 - 0x00007ff9e275b000 	C:\WINDOWS\System32\gdi32full.dll
0x00007ff9e2790000 - 0x00007ff9e282d000 	C:\WINDOWS\System32\msvcp_win.dll
0x00007ff9e4590000 - 0x00007ff9e45c0000 	C:\WINDOWS\System32\IMM32.DLL
0x00007ff9b42d0000 - 0x00007ff9b436d000 	C:\Program Files\JetBrains\IntelliJ IDEA Community Edition 2020.3.3\jbr\bin\msvcp140.dll
0x00007ff9ac7f0000 - 0x00007ff9ad2c0000 	C:\Program Files\JetBrains\IntelliJ IDEA Community Edition 2020.3.3\jbr\bin\server\jvm.dll
0x00007ff9e2a60000 - 0x00007ff9e2b0c000 	C:\WINDOWS\System32\ADVAPI32.dll
0x00007ff9e4870000 - 0x00007ff9e490b000 	C:\WINDOWS\System32\sechost.dll
0x00007ff9e4440000 - 0x00007ff9e456b000 	C:\WINDOWS\System32\RPCRT4.dll
0x00007ff9e4740000 - 0x00007ff9e4748000 	C:\WINDOWS\System32\PSAPI.DLL
0x00007ff9ddfe0000 - 0x00007ff9ddfe9000 	C:\WINDOWS\SYSTEM32\WSOCK32.dll
0x00007ff9db820000 - 0x00007ff9db82a000 	C:\WINDOWS\SYSTEM32\VERSION.dll
0x00007ff9c8d90000 - 0x00007ff9c8db7000 	C:\WINDOWS\SYSTEM32\WINMM.dll
0x00007ff9e39a0000 - 0x00007ff9e3a0b000 	C:\WINDOWS\System32\WS2_32.dll
0x00007ff9dffe0000 - 0x00007ff9dfff2000 	C:\WINDOWS\SYSTEM32\kernel.appcore.dll
0x00007ff9da940000 - 0x00007ff9da951000 	C:\Program Files\JetBrains\IntelliJ IDEA Community Edition 2020.3.3\jbr\bin\verify.dll
0x00007ff9d7500000 - 0x00007ff9d76e4000 	C:\WINDOWS\SYSTEM32\DBGHELP.DLL
0x00007ff9c43f0000 - 0x00007ff9c441c000 	C:\WINDOWS\SYSTEM32\dbgcore.DLL
0x00007ff9e28e0000 - 0x00007ff9e2960000 	C:\WINDOWS\System32\bcryptPrimitives.dll
0x00007ff9ccf70000 - 0x00007ff9ccf99000 	C:\Program Files\JetBrains\IntelliJ IDEA Community Edition 2020.3.3\jbr\bin\java.dll
0x00007ff9dc500000 - 0x00007ff9dc50b000 	C:\Program Files\JetBrains\IntelliJ IDEA Community Edition 2020.3.3\jbr\bin\jimage.dll
0x00007ff9cd940000 - 0x00007ff9cd958000 	C:\Program Files\JetBrains\IntelliJ IDEA Community Edition 2020.3.3\jbr\bin\zip.dll

dbghelp: loaded successfully - version: 4.0.5 - missing functions: none
symbol engine: initialized successfully - sym options: 0x614 - pdb path: .;C:\Program Files\JetBrains\IntelliJ IDEA Community Edition 2020.3.3\jbr\bin;C:\WINDOWS\SYSTEM32;C:\WINDOWS\WinSxS\amd64_microsoft.windows.common-controls_6595b64144ccf1df_6.0.19041.844_none_ca00b6081b84eb1d;C:\Program Files\JetBrains\IntelliJ IDEA Community Edition 2020.3.3\jbr\bin\server

VM Arguments:
java_command: org.jetbrains.git4idea.http.GitAskPassApp Username for 'https://github.com': 
java_class_path (initial): C:/Program Files/JetBrains/IntelliJ IDEA Community Edition 2020.3.3/plugins/git4idea/lib/git4idea-rt.jar;C:/Program Files/JetBrains/IntelliJ IDEA Community Edition 2020.3.3/lib/xmlrpc-2.0.1.jar;C:/Program Files/JetBrains/IntelliJ IDEA Community Edition 2020.3.3/lib/commons-codec-1.14.jar
Launcher Type: SUN_STANDARD

[Global flags]
     intx CICompilerCount                          = 4                                         {product} {ergonomic}
     uint ConcGCThreads                            = 2                                         {product} {ergonomic}
     uint G1ConcRefinementThreads                  = 8                                         {product} {ergonomic}
   size_t G1HeapRegionSize                         = 1048576                                   {product} {ergonomic}
    uintx GCDrainStackTargetSize                   = 64                                        {product} {ergonomic}
   size_t InitialHeapSize                          = 266338304                                 {product} {ergonomic}
   size_t MarkStackSize                            = 4194304                                   {product} {ergonomic}
   size_t MaxHeapSize                              = 4253024256                                {product} {ergonomic}
   size_t MinHeapDeltaBytes                        = 1048576                                   {product} {ergonomic}
    uintx NonNMethodCodeHeapSize                   = 5836300                                {pd product} {ergonomic}
    uintx NonProfiledCodeHeapSize                  = 122910970                              {pd product} {ergonomic}
    uintx ProfiledCodeHeapSize                     = 122910970                              {pd product} {ergonomic}
    uintx ReservedCodeCacheSize                    = 251658240                              {pd product} {ergonomic}
     bool SegmentedCodeCache                       = true                                      {product} {ergonomic}
     bool UseCompressedClassPointers               = true                                 {lp64_product} {ergonomic}
     bool UseCompressedOops                        = true                                 {lp64_product} {ergonomic}
     bool UseG1GC                                  = true                                      {product} {ergonomic}
     bool UseLargePagesIndividualAllocation        = false                                  {pd product} {ergonomic}

Logging:
Log output configuration:
 #0: stdout all=warning uptime,level,tags
 #1: stderr all=off uptime,level,tags

Environment Variables:
PATH=C:\Program Files\Git\mingw64\libexec\git-core;C:\Program Files\Git\mingw64\libexec\git-core;C:\Program Files\Git\mingw64\bin;C:\Program Files\Git\usr\bin;C:\Users\HP\bin;C:\Program Files\Common Files\Oracle\Java\javapath;C:\WINDOWS\system32;C:\WINDOWS;C:\WINDOWS\System32\Wbem;C:\WINDOWS\System32\WindowsPowerShell\v1.0;C:\WINDOWS\System32\OpenSSH;C:\Program Files\Git\cmd;C:\Users\HP\AppData\Local\Microsoft\WindowsApps
USERNAME=HP
DISPLAY=:0.0
LC_ALL=en_US.UTF-8
OS=Windows_NT
PROCESSOR_IDENTIFIER=Intel64 Family 6 Model 142 Stepping 12, GenuineIntel



---------------  S Y S T E M  ---------------

OS: Windows 10 , 64 bit Build 19041 (10.0.19041.928)
OS uptime: 34 days 10:35 hours

CPU:total 8 (initial active 8) (4 cores per cpu, 2 threads per core) family 6 model 142 stepping 12 microcode 0xde, cmov, cx8, fxsr, mmx, sse, sse2, sse3, ssse3, sse4.1, sse4.2, popcnt, avx, avx2, aes, clmul, erms, 3dnowpref, lzcnt, ht, tsc, tscinvbit, bmi1, bmi2, adx, fma

Memory: 4k page, system-wide physical 16221M (8258M free)
TotalPageFile size 34036M (AvailPageFile size 4M)
current process WorkingSet (physical memory assigned to process): 14M, peak: 14M
current process commit charge ("private bytes"): 321M, peak: 321M

vm_info: OpenJDK 64-Bit Server VM (11.0.10+8-b1145.96) for windows-amd64 JRE (11.0.10+8-b1145.96), built on Feb 18 2021 01:38:16 by "" with MS VC++ 14.0 (VS2015)

END.
