#
# There is insufficient memory for the Java Runtime Environment to continue.
# Native memory allocation (mmap) failed to map 266338304 bytes for Failed to commit area from 0x0000000702800000 to 0x0000000712600000 of length 266338304.
# Possible reasons:
#   The system is out of physical RAM or swap space
#   The process is running with CompressedOops enabled, and the Java Heap may be blocking the growth of the native heap
# Possible solutions:
#   Reduce memory load on the system
#   Increase physical memory or swap space
#   Check if swap backing store is full
#   Decrease Java heap size (-Xmx/-Xms)
#   Decrease number of Java threads
#   Decrease Java thread stack sizes (-Xss)
#   Set larger code cache with -XX:ReservedCodeCacheSize=
# This output file may be truncated or incomplete.
#
#  Out of Memory Error (./open/src/hotspot/os/windows/os_windows.cpp:3273), pid=8512, tid=11668
#
# JRE version:  (11.0.11+9) (build )
# Java VM: Java HotSpot(TM) 64-Bit Server VM (11.0.11+9-LTS-194, mixed mode, sharing, tiered, compressed oops, g1 gc, windows-amd64)
# No core dump will be written. Minidumps are not enabled by default on client versions of Windows
#

---------------  S U M M A R Y ------------

Command Line: -javaagent:C:\Program Files\JetBrains\IntelliJ IDEA Community Edition 2020.3.3\lib\idea_rt.jar=56761:C:\Program Files\JetBrains\IntelliJ IDEA Community Edition 2020.3.3\bin -Dfile.encoding=UTF-8 com.company.QuickSort

Host: Intel(R) Core(TM) i5-10210U CPU @ 1.60GHz, 8 cores, 15G,  Windows 10 , 64 bit Build 19041 (10.0.19041.928)
Time: Sun Jul  4 21:49:20 2021 RTZ 2 (зима) elapsed time: 0.036651 seconds (0d 0h 0m 0s)

---------------  T H R E A D  ---------------

Current thread (0x0000025d76075000):  JavaThread "Unknown thread" [_thread_in_vm, id=11668, stack(0x00000091f6a00000,0x00000091f6b00000)]

Stack: [0x00000091f6a00000,0x00000091f6b00000]
Native frames: (J=compiled Java code, j=interpreted, Vv=VM code, C=native code)
V  [jvm.dll+0x616f2a]
V  [jvm.dll+0x74de7f]
V  [jvm.dll+0x74f505]
V  [jvm.dll+0x74fb83]
V  [jvm.dll+0x2436d8]
V  [jvm.dll+0x61431a]
V  [jvm.dll+0x6090f5]
V  [jvm.dll+0x2f7eec]
V  [jvm.dll+0x2f7d72]
V  [jvm.dll+0x2fca26]
V  [jvm.dll+0x33efef]
V  [jvm.dll+0x33ea20]
V  [jvm.dll+0x2d5608]
V  [jvm.dll+0x2d6766]
V  [jvm.dll+0x7299e7]
V  [jvm.dll+0x72b28f]
V  [jvm.dll+0x34bd39]
V  [jvm.dll+0x70f360]
V  [jvm.dll+0x3b50df]
V  [jvm.dll+0x3b71e1]
C  [jli.dll+0x520b]
C  [ucrtbase.dll+0x21bb2]
C  [KERNEL32.DLL+0x17034]
C  [ntdll.dll+0x52651]


---------------  P R O C E S S  ---------------

Threads class SMR info:
_java_thread_list=0x0000025d746526c0, length=0, elements={
}

Java Threads: ( => current thread )

Other Threads:
  0x0000025d7608a000 GCTaskThread "GC Thread#0" [stack: 0x00000091f6b00000,0x00000091f6c00000] [id=20656]
  0x0000025d760e7000 ConcurrentGCThread "G1 Main Marker" [stack: 0x00000091f6c00000,0x00000091f6d00000] [id=25180]
  0x0000025d760e9000 ConcurrentGCThread "G1 Conc#0" [stack: 0x00000091f6d00000,0x00000091f6e00000] [id=14440]

[error occurred during error reporting (printing all threads), id 0xc0000005, EXCEPTION_ACCESS_VIOLATION (0xc0000005) at pc=0x00007ff9abfd4857]

VM state:not at safepoint (not fully initialized)

VM Mutex/Monitor currently owned by a thread:  ([mutex/lock_event])
[0x0000025d76070fe0] Heap_lock - owner thread: 0x0000025d76075000

Heap address: 0x0000000702800000, size: 4056 MB, Compressed Oops mode: Non-zero based: 0x0000000702800000
Narrow klass base: 0x0000000000000000, Narrow klass shift: 0

GC Heap History (0 events):
No events

Deoptimization events (0 events):
No events

Classes redefined (0 events):
No events

Internal exceptions (0 events):
No events

Events (0 events):
No events


Dynamic libraries:
0x00007ff6caba0000 - 0x00007ff6cabaf000 	C:\Program Files\Java\jdk-11.0.11\bin\java.exe
0x00007ff9e4950000 - 0x00007ff9e4b45000 	C:\WINDOWS\SYSTEM32\ntdll.dll
0x00007ff9e38e0000 - 0x00007ff9e399d000 	C:\WINDOWS\System32\KERNEL32.DLL
0x00007ff9e21c0000 - 0x00007ff9e2488000 	C:\WINDOWS\System32\KERNELBASE.dll
0x00007ff9e2090000 - 0x00007ff9e2190000 	C:\WINDOWS\System32\ucrtbase.dll
0x00007ff9ccaf0000 - 0x00007ff9ccb08000 	C:\Program Files\Java\jdk-11.0.11\bin\jli.dll
0x00007ff9cd540000 - 0x00007ff9cd555000 	C:\Program Files\Java\jdk-11.0.11\bin\VCRUNTIME140.dll
0x00007ff9e2a60000 - 0x00007ff9e2b0c000 	C:\WINDOWS\System32\ADVAPI32.dll
0x00007ff9e45c0000 - 0x00007ff9e465e000 	C:\WINDOWS\System32\msvcrt.dll
0x00007ff9e4870000 - 0x00007ff9e490b000 	C:\WINDOWS\System32\sechost.dll
0x00007ff9e4440000 - 0x00007ff9e456b000 	C:\WINDOWS\System32\RPCRT4.dll
0x00007ff9e3a10000 - 0x00007ff9e3bb0000 	C:\WINDOWS\System32\USER32.dll
0x00007ff9e2760000 - 0x00007ff9e2782000 	C:\WINDOWS\System32\win32u.dll
0x00007ff9ca260000 - 0x00007ff9ca4fa000 	C:\WINDOWS\WinSxS\amd64_microsoft.windows.common-controls_6595b64144ccf1df_6.0.19041.844_none_ca00b6081b84eb1d\COMCTL32.dll
0x00007ff9e2b10000 - 0x00007ff9e2b3a000 	C:\WINDOWS\System32\GDI32.dll
0x00007ff9e2650000 - 0x00007ff9e275b000 	C:\WINDOWS\System32\gdi32full.dll
0x00007ff9e2790000 - 0x00007ff9e282d000 	C:\WINDOWS\System32\msvcp_win.dll
0x00007ff9db820000 - 0x00007ff9db82a000 	C:\WINDOWS\SYSTEM32\VERSION.dll
0x00007ff9e4590000 - 0x00007ff9e45c0000 	C:\WINDOWS\System32\IMM32.DLL
0x00007ff9c87b0000 - 0x00007ff9c884b000 	C:\Program Files\Java\jdk-11.0.11\bin\msvcp140.dll
0x00007ff9abcf0000 - 0x00007ff9ac7ee000 	C:\Program Files\Java\jdk-11.0.11\bin\server\jvm.dll
0x00007ff9e4740000 - 0x00007ff9e4748000 	C:\WINDOWS\System32\PSAPI.DLL
0x00007ff9ddfe0000 - 0x00007ff9ddfe9000 	C:\WINDOWS\SYSTEM32\WSOCK32.dll
0x00007ff9c8d90000 - 0x00007ff9c8db7000 	C:\WINDOWS\SYSTEM32\WINMM.dll
0x00007ff9e39a0000 - 0x00007ff9e3a0b000 	C:\WINDOWS\System32\WS2_32.dll
0x00007ff9dffe0000 - 0x00007ff9dfff2000 	C:\WINDOWS\SYSTEM32\kernel.appcore.dll
0x00007ff9cf2b0000 - 0x00007ff9cf2c0000 	C:\Program Files\Java\jdk-11.0.11\bin\verify.dll
0x00007ff9d7500000 - 0x00007ff9d76e4000 	C:\WINDOWS\SYSTEM32\DBGHELP.DLL
0x00007ff9c43f0000 - 0x00007ff9c441c000 	C:\WINDOWS\SYSTEM32\dbgcore.DLL
0x00007ff9e28e0000 - 0x00007ff9e2960000 	C:\WINDOWS\System32\bcryptPrimitives.dll
0x00007ff9cbda0000 - 0x00007ff9cbdc8000 	C:\Program Files\Java\jdk-11.0.11\bin\java.dll
0x00007ff9cd530000 - 0x00007ff9cd53a000 	C:\Program Files\Java\jdk-11.0.11\bin\jimage.dll
0x00007ff9cd360000 - 0x00007ff9cd36e000 	C:\Program Files\Java\jdk-11.0.11\bin\instrument.dll
0x00007ff9cc3e0000 - 0x00007ff9cc3f6000 	C:\Program Files\Java\jdk-11.0.11\bin\zip.dll

dbghelp: loaded successfully - version: 4.0.5 - missing functions: none
symbol engine: initialized successfully - sym options: 0x614 - pdb path: .;C:\Program Files\Java\jdk-11.0.11\bin;C:\WINDOWS\SYSTEM32;C:\WINDOWS\WinSxS\amd64_microsoft.windows.common-controls_6595b64144ccf1df_6.0.19041.844_none_ca00b6081b84eb1d;C:\Program Files\Java\jdk-11.0.11\bin\server

VM Arguments:
jvm_args: -javaagent:C:\Program Files\JetBrains\IntelliJ IDEA Community Edition 2020.3.3\lib\idea_rt.jar=56761:C:\Program Files\JetBrains\IntelliJ IDEA Community Edition 2020.3.3\bin -Dfile.encoding=UTF-8 
java_command: com.company.QuickSort
java_class_path (initial): C:\Users\HP\IdeaProjects\homework1\out\production\homework1
Launcher Type: SUN_STANDARD

[Global flags]
     intx CICompilerCount                          = 4                                         {product} {ergonomic}
     uint ConcGCThreads                            = 2                                         {product} {ergonomic}
     uint G1ConcRefinementThreads                  = 8                                         {product} {ergonomic}
   size_t G1HeapRegionSize                         = 1048576                                   {product} {ergonomic}
    uintx GCDrainStackTargetSize                   = 64                                        {product} {ergonomic}
   size_t InitialHeapSize                          = 266338304                                 {product} {ergonomic}
   size_t MarkStackSize                            = 4194304                                   {product} {ergonomic}
   size_t MaxHeapSize                              = 4253024256                                {product} {ergonomic}
   size_t MinHeapDeltaBytes                        = 1048576                                   {product} {ergonomic}
    uintx NonNMethodCodeHeapSize                   = 5836300                                {pd product} {ergonomic}
    uintx NonProfiledCodeHeapSize                  = 122910970                              {pd product} {ergonomic}
    uintx ProfiledCodeHeapSize                     = 122910970                              {pd product} {ergonomic}
    uintx ReservedCodeCacheSize                    = 251658240                              {pd product} {ergonomic}
     bool SegmentedCodeCache                       = true                                      {product} {ergonomic}
     bool UseCompressedClassPointers               = true                                 {lp64_product} {ergonomic}
     bool UseCompressedOops                        = true                                 {lp64_product} {ergonomic}
     bool UseG1GC                                  = true                                      {product} {ergonomic}
     bool UseLargePagesIndividualAllocation        = false                                  {pd product} {ergonomic}

Logging:
Log output configuration:
 #0: stdout all=warning uptime,level,tags
 #1: stderr all=off uptime,level,tags

Environment Variables:
PATH=C:\Program Files\Common Files\Oracle\Java\javapath;C:\WINDOWS\system32;C:\WINDOWS;C:\WINDOWS\System32\Wbem;C:\WINDOWS\System32\WindowsPowerShell\v1.0\;C:\WINDOWS\System32\OpenSSH\;C:\Program Files\Git\cmd;C:\Users\HP\AppData\Local\Microsoft\WindowsApps;
USERNAME=HP
OS=Windows_NT
PROCESSOR_IDENTIFIER=Intel64 Family 6 Model 142 Stepping 12, GenuineIntel



---------------  S Y S T E M  ---------------

OS: Windows 10 , 64 bit Build 19041 (10.0.19041.928)

CPU:total 8 (initial active 8) (4 cores per cpu, 2 threads per core) family 6 model 142 stepping 12 microcode 0xde, cmov, cx8, fxsr, mmx, sse, sse2, sse3, ssse3, sse4.1, sse4.2, popcnt, avx, avx2, aes, clmul, erms, 3dnowpref, lzcnt, ht, tsc, tscinvbit, bmi1, bmi2, adx, fma

Memory: 4k page, system-wide physical 16221M (8248M free)
TotalPageFile size 34036M (AvailPageFile size 46M)
current process WorkingSet (physical memory assigned to process): 10M, peak: 10M
current process commit charge ("private bytes"): 60M, peak: 314M

vm_info: Java HotSpot(TM) 64-Bit Server VM (11.0.11+9-LTS-194) for windows-amd64 JRE (11.0.11+9-LTS-194), built on Mar 18 2021 18:46:53 by "mach5one" with MS VC++ 15.9 (VS2017)

END.
